"C:\Program Files\JetBrains\CLion 2021.2.3\bin\cmake\win\bin\cmake.exe" -DCMAKE_BUILD_TYPE=Debug "-DCMAKE_MAKE_PROGRAM=C:/Program Files/JetBrains/CLion 2021.2.3/bin/ninja/win/ninja.exe" "-DCMAKE_C_COMPILER=C:/Program Files/MySoftware/gcc-arm-none-eabi-10.3-2021.10/bin/arm-none-eabi-gcc.exe" "-DCMAKE_CXX_COMPILER=C:/Program Files/MySoftware/gcc-arm-none-eabi-10.3-2021.10/bin/arm-none-eabi-g++.exe" -G Ninja C:\Users\16896\CLionProjects\C++\ComputerCompetition
-- The C compiler identification is GNU 10.3.1
-- The CXX compiler identification is GNU 10.3.1
-- Detecting C compiler ABI info
-- Detecting C compiler ABI info - failed
-- Check for working C compiler: C:/Program Files/MySoftware/gcc-arm-none-eabi-10.3-2021.10/bin/arm-none-eabi-gcc.exe
-- Check for working C compiler: C:/Program Files/MySoftware/gcc-arm-none-eabi-10.3-2021.10/bin/arm-none-eabi-gcc.exe - broken
CMake Error at C:/Program Files/JetBrains/CLion 2021.2.3/bin/cmake/win/share/cmake-3.21/Modules/CMakeTestCCompiler.cmake:69 (message):
  The C compiler

    "C:/Program Files/MySoftware/gcc-arm-none-eabi-10.3-2021.10/bin/arm-none-eabi-gcc.exe"

  is not able to compile a simple test program.

  It fails with the following output:

    Change Dir: C:/Users/16896/CLionProjects/C++/ComputerCompetition/cmake-build-debug/CMakeFiles/CMakeTmp
    
    Run Build Command(s):C:/Program Files/JetBrains/CLion 2021.2.3/bin/ninja/win/ninja.exe cmTC_28083 && [1/2] Building C object CMakeFiles/cmTC_28083.dir/testCCompiler.c.obj
    [2/2] Linking C executable cmTC_28083.exe
    FAILED: cmTC_28083.exe 
    cmd.exe /C "cd . && C:\PROGRA~1\MYSOFT~1\GCC-AR~1.10\bin\AR19DD~1.EXE   CMakeFiles/cmTC_28083.dir/testCCompiler.c.obj -o cmTC_28083.exe -Wl,--out-implib,libcmTC_28083.dll.a -Wl,--major-image-version,0,--minor-image-version,0   && cd ."
    c:/progra~1/mysoft~1/gcc-ar~1.10/bin/../lib/gcc/arm-none-eabi/10.3.1/../../../../arm-none-eabi/bin/ld.exe: unrecognized option '--major-image-version'
    c:/progra~1/mysoft~1/gcc-ar~1.10/bin/../lib/gcc/arm-none-eabi/10.3.1/../../../../arm-none-eabi/bin/ld.exe: use the --help option for usage information
    collect2.exe: error: ld returned 1 exit status
    ninja: build stopped: subcommand failed.
    
    

  

  CMake will not be able to correctly generate this project.
Call Stack (most recent call first):
  CMakeLists.txt:2 (project)


-- Configuring incomplete, errors occurred!
See also "C:/Users/16896/CLionProjects/C++/ComputerCompetition/cmake-build-debug/CMakeFiles/CMakeOutput.log".
See also "C:/Users/16896/CLionProjects/C++/ComputerCompetition/cmake-build-debug/CMakeFiles/CMakeError.log".
